
> wordrem-notification-backend@1.0.0 start
> node src/index.js


🚀 WordRem Notification Backend running
   → http://localhost:3000
   → POST http://localhost:3000/api/register
   → GET  http://localhost:3000/health
  
✅ Redis connected
Unhandled error: BadRequestError: request aborted
    at IncomingMessage.onAborted (/Users/agk/Documents/GitHub/WordRemSwiftUI/backend/node_modules/raw-body/index.js:245:10)
    at IncomingMessage.emit (node:events:508:28)
    at IncomingMessage._destroy (node:_http_incoming:221:10)
    at _destroy (node:internal/streams/destroy:122:10)
    at IncomingMessage.destroy (node:internal/streams/destroy:84:5)
    at abortIncoming (node:_http_server:847:9)
    at socketOnClose (node:_http_server:841:3)
    at Socket.emit (node:events:520:35)
    at TCP.<anonymous> (node:net:346:12) {
  code: 'ECONNABORTED',
  expected: 194,
  length: 194,
  received: 0,
  type: 'request.aborted'
}
Unhandled error: BadRequestError: request aborted
    at IncomingMessage.onAborted (/Users/agk/Documents/GitHub/WordRemSwiftUI/backend/node_modules/raw-body/index.js:245:10)
    at IncomingMessage.emit (node:events:508:28)
    at IncomingMessage._destroy (node:_http_incoming:221:10)
    at _destroy (node:internal/streams/destroy:122:10)
    at IncomingMessage.destroy (node:internal/streams/destroy:84:5)
    at abortIncoming (node:_http_server:847:9)
    at socketOnClose (node:_http_server:841:3)
    at Socket.emit (node:events:520:35)
    at TCP.<anonymous> (node:net:346:12) {
  code: 'ECONNABORTED',
  expected: 194,
  length: 194,
  received: 0,
  type: 'request.aborted'
}
Unhandled error: BadRequestError: request aborted
    at IncomingMessage.onAborted (/Users/agk/Documents/GitHub/WordRemSwiftUI/backend/node_modules/raw-body/index.js:245:10)
    at IncomingMessage.emit (node:events:508:28)
    at IncomingMessage._destroy (node:_http_incoming:221:10)
    at _destroy (node:internal/streams/destroy:122:10)
    at IncomingMessage.destroy (node:internal/streams/destroy:84:5)
    at abortIncoming (node:_http_server:847:9)
    at socketOnClose (node:_http_server:841:3)
    at Socket.emit (node:events:520:35)
    at TCP.<anonymous> (node:net:346:12) {
  code: 'ECONNABORTED',
  expected: 194,
  length: 194,
  received: 0,
  type: 'request.aborted'
}
Unhandled error: BadRequestError: request aborted
    at IncomingMessage.onAborted (/Users/agk/Documents/GitHub/WordRemSwiftUI/backend/node_modules/raw-body/index.js:245:10)
    at IncomingMessage.emit (node:events:508:28)
    at IncomingMessage._destroy (node:_http_incoming:221:10)
    at _destroy (node:internal/streams/destroy:122:10)
    at IncomingMessage.destroy (node:internal/streams/destroy:84:5)
    at abortIncoming (node:_http_server:847:9)
    at socketOnClose (node:_http_server:841:3)
    at Socket.emit (node:events:520:35)
    at TCP.<anonymous> (node:net:346:12) {
  code: 'ECONNABORTED',
  expected: 194,
  length: 194,
  received: 0,
  type: 'request.aborted'
}
